<?xml version="1.0" encoding="UTF-8"?>
<!-- Generated by org.testng.reporters.JUnitReportReporter -->
<testsuite hostname="Anaya" failures="0" tests="1" name="com.naveenautomationlab.AutomationFramework.ConfirmProductReturnsTest" time="23.104" errors="0" timestamp="2023-11-15T19:27:06 EST" skipped="0">
  <testcase classname="com.naveenautomationlab.AutomationFramework.ConfirmProductReturnsTest" name="validateProductReturn" time="23.104"/>
  <system-out/>
</testsuite> <!-- com.naveenautomationlab.AutomationFramework.ConfirmProductReturnsTest -->
