<?xml version="1.0" encoding="UTF-8"?>
<!-- Generated by org.testng.reporters.JUnitReportReporter -->
<testsuite hostname="Anaya" failures="0" tests="1" name="com.naveenautomationlab.AutomationFramework.YourStoreTest" time="4.687" errors="0" timestamp="2023-10-29T16:58:18 EDT" skipped="0">
  <testcase classname="com.naveenautomationlab.AutomationFramework.YourStoreTest" name="validateImageSlideShow" time="4.687"/>
  <system-out/>
</testsuite> <!-- com.naveenautomationlab.AutomationFramework.YourStoreTest -->
