<?xml version="1.0" encoding="UTF-8"?>
<!-- Generated by org.testng.reporters.JUnitReportReporter -->
<testsuite hostname="Anaya" failures="0" tests="2" name="com.naveenautomationlab.AutomationFramework.MyAccountTest" time="14.765" errors="0" timestamp="2023-07-09T15:47:04 EDT" skipped="0">
  <testcase classname="com.naveenautomationlab.AutomationFramework.MyAccountTest" name="validateChangePassword" time="9.046"/>
  <system-out/>
  <testcase classname="com.naveenautomationlab.AutomationFramework.MyAccountTest" name="validateLogin" time="5.719"/>
  <system-out/>
</testsuite> <!-- com.naveenautomationlab.AutomationFramework.MyAccountTest -->
