<?xml version="1.0" encoding="UTF-8"?>
<!-- Generated by org.testng.reporters.JUnitReportReporter -->
<testsuite hostname="Anaya" failures="0" tests="1" name="com.naveenautomationlab.AutomationFramework.ProductReturnsTest" time="22.501" errors="0" timestamp="2023-11-15T19:08:49 EST" skipped="0">
  <testcase classname="com.naveenautomationlab.AutomationFramework.ProductReturnsTest" name="validateProductReturn" time="22.501"/>
  <system-out/>
</testsuite> <!-- com.naveenautomationlab.AutomationFramework.ProductReturnsTest -->
