<?xml version="1.0" encoding="UTF-8"?>
<!-- Generated by org.testng.reporters.JUnitReportReporter -->
<testsuite hostname="Anaya" failures="0" tests="1" name="com.naveenautomationlab.AutomationFramework.YourStoreTest" time="4.886" errors="0" timestamp="2023-11-12T16:27:47 EST" skipped="0">
  <testcase classname="com.naveenautomationlab.AutomationFramework.YourStoreTest" name="validateImageSlideShow" time="4.886"/>
  <system-out/>
</testsuite> <!-- com.naveenautomationlab.AutomationFramework.YourStoreTest -->
