<?xml version="1.0" encoding="UTF-8"?>
<!-- Generated by org.testng.reporters.JUnitReportReporter -->
<testsuite hostname="Anaya" failures="0" tests="1" name="com.naveenautomationlab.AutomationFramework.AddressBookTest" time="238.694" errors="0" timestamp="2023-11-12T20:22:32 EST" skipped="0">
  <testcase classname="com.naveenautomationlab.AutomationFramework.AddressBookTest" name="updatingAddress" time="238.694"/>
  <system-out/>
</testsuite> <!-- com.naveenautomationlab.AutomationFramework.AddressBookTest -->
