<?xml version="1.0" encoding="UTF-8"?>
<!-- Generated by org.testng.reporters.JUnitReportReporter -->
<testsuite hostname="Anaya" failures="0" tests="1" name="com.naveenautomationlab.AutomationFramework.AppTest" time="4.077" errors="0" timestamp="17 Jun. 2023 21:21:40 GMT" skipped="0">
  <testcase classname="com.naveenautomationlab.AutomationFramework.AppTest" name="Test1" time="4.077"/>
</testsuite> <!-- com.naveenautomationlab.AutomationFramework.AppTest -->
