<?xml version="1.0" encoding="UTF-8"?>
<!-- Generated by org.testng.reporters.JUnitReportReporter -->
<testsuite hostname="Anaya" failures="0" tests="1" name="com.naveenautomationlab.AutomationFramework.YourAccountHasBeenCreatedTest" time="7.821" errors="0" timestamp="2023-10-29T21:03:10 EDT" skipped="0">
  <testcase classname="com.naveenautomationlab.AutomationFramework.YourAccountHasBeenCreatedTest" name="validateRegisterAccount" time="7.821"/>
  <system-out/>
</testsuite> <!-- com.naveenautomationlab.AutomationFramework.YourAccountHasBeenCreatedTest -->
