<?xml version="1.0" encoding="UTF-8"?>
<!-- Generated by org.testng.reporters.JUnitReportReporter -->
<testsuite hostname="Anaya" failures="0" tests="1" name="com.naveenautomationlab.AutomationFramework.MyWishListTest" time="18.140" errors="0" timestamp="2023-11-12T16:19:20 EST" skipped="0">
  <testcase classname="com.naveenautomationlab.AutomationFramework.MyWishListTest" name="validateProductStock" time="18.140"/>
  <system-out/>
</testsuite> <!-- com.naveenautomationlab.AutomationFramework.MyWishListTest -->
