<?xml version="1.0" encoding="UTF-8"?>
<!-- Generated by org.testng.reporters.JUnitReportReporter -->
<testsuite hostname="Anaya" failures="0" tests="4" name="com.naveenautomationlab.AutomationFramework.MyAccountTest" time="21.144" errors="0" timestamp="2023-07-16T07:57:18 EDT" skipped="0">
  <testcase classname="com.naveenautomationlab.AutomationFramework.MyAccountTest" name="validateLogin" time="5.796"/>
  <system-out/>
  <testcase classname="com.naveenautomationlab.AutomationFramework.MyAccountTest" name="test1" time="4.034"/>
  <system-out/>
  <testcase classname="com.naveenautomationlab.AutomationFramework.MyAccountTest" name="test2" time="3.984"/>
  <system-out/>
  <testcase classname="com.naveenautomationlab.AutomationFramework.MyAccountTest" name="validateChangePassword" time="7.330"/>
  <system-out/>
</testsuite> <!-- com.naveenautomationlab.AutomationFramework.MyAccountTest -->
