<?xml version="1.0" encoding="UTF-8"?>
<!-- Generated by org.testng.reporters.JUnitReportReporter -->
<testsuite hostname="Anaya" failures="0" tests="2" name="com.naveenautomationlab.AutomationFramework.RegisterAccountTest" time="13.429" errors="0" timestamp="2023-11-12T16:27:47 EST" skipped="0">
  <testcase classname="com.naveenautomationlab.AutomationFramework.RegisterAccountTest" name="validateWarningMessageIfTryingToRegisterWithRegistedEmail" time="6.614"/>
  <system-out/>
  <testcase classname="com.naveenautomationlab.AutomationFramework.RegisterAccountTest" name="validateWarningMessageIfTryingToRegisterWithoutEmail" time="6.815"/>
  <system-out/>
</testsuite> <!-- com.naveenautomationlab.AutomationFramework.RegisterAccountTest -->
