<?xml version="1.0" encoding="UTF-8"?>
<!-- Generated by org.testng.reporters.JUnitReportReporter -->
<testsuite hostname="Anaya" failures="0" tests="1" name="com.naveenautomationlab.AutomationFramework.MyWishListTest" time="6.666" errors="0" timestamp="2023-07-09T15:47:04 EDT" skipped="0">
  <testcase classname="com.naveenautomationlab.AutomationFramework.MyWishListTest" name="validateProductStock" time="6.666"/>
  <system-out/>
</testsuite> <!-- com.naveenautomationlab.AutomationFramework.MyWishListTest -->
