<?xml version="1.0" encoding="UTF-8"?>
<!-- Generated by org.testng.reporters.JUnitReportReporter -->
<testsuite hostname="Anaya" failures="0" tests="1" name="com.naveenautomationlab.AutomationFramework.MyAccountTest" time="6.957" errors="0" timestamp="2023-11-13T18:38:07 EST" skipped="0">
  <testcase classname="com.naveenautomationlab.AutomationFramework.MyAccountTest" name="validateUpdatingAccountInformation" time="6.957"/>
  <system-out/>
</testsuite> <!-- com.naveenautomationlab.AutomationFramework.MyAccountTest -->
