<?xml version="1.0" encoding="UTF-8"?>
<!-- Generated by org.testng.reporters.JUnitReportReporter -->
<testsuite hostname="Anaya" failures="0" tests="1" name="com.naveenautomationlab.AutomationFramework.MyAccountTest" time="7.805" errors="0" timestamp="2023-10-29T16:44:11 EDT" skipped="0">
  <testcase classname="com.naveenautomationlab.AutomationFramework.MyAccountTest" name="validateChangePassword" time="7.805"/>
  <system-out/>
</testsuite> <!-- com.naveenautomationlab.AutomationFramework.MyAccountTest -->
