<?xml version="1.0" encoding="UTF-8"?>
<!-- Generated by org.testng.reporters.JUnitReportReporter -->
<testsuite hostname="Anaya" failures="0" tests="1" name="com.naveenautomationlab.AutomationFramework.MyWishListTest" time="22.711" errors="0" timestamp="2023-10-29T16:52:00 EDT" skipped="0">
  <testcase classname="com.naveenautomationlab.AutomationFramework.MyWishListTest" name="validateProductStock" time="22.711"/>
  <system-out/>
</testsuite> <!-- com.naveenautomationlab.AutomationFramework.MyWishListTest -->
