<?xml version="1.0" encoding="UTF-8"?>
<!-- Generated by org.testng.reporters.JUnitReportReporter -->
<testsuite hostname="Anaya" failures="0" tests="1" name="com.naveenautomationlab.AutomationFramework.MyWishListTest" time="6.804" errors="0" timestamp="2023-07-16T07:57:18 EDT" skipped="0">
  <testcase classname="com.naveenautomationlab.AutomationFramework.MyWishListTest" name="validateProductStock" time="6.804"/>
  <system-out/>
</testsuite> <!-- com.naveenautomationlab.AutomationFramework.MyWishListTest -->
