<?xml version="1.0" encoding="UTF-8"?>
<!-- Generated by org.testng.reporters.JUnitReportReporter -->
<testsuite hostname="Anaya" failures="0" tests="1" name="com.naveenautomationlab.AutomationFramework.RegisterAccountTest" time="7.588" errors="0" timestamp="2023-11-06T18:07:58 EST" skipped="0">
  <testcase classname="com.naveenautomationlab.AutomationFramework.RegisterAccountTest" name="validateWarningMessageIfTryingToRegisterWithoutEmail" time="7.588"/>
  <system-out/>
</testsuite> <!-- com.naveenautomationlab.AutomationFramework.RegisterAccountTest -->
